<?xml version="1.0" encoding="UTF-8"?>
<testng-results total="2" passed="2" failed="0" skipped="0">
  <reporter-output>
  </reporter-output>
  <suite started-at="2021-02-24T09:34:35Z" name="Default suite" finished-at="2021-02-24T09:35:07Z" duration-ms="32739">
    <groups>
    </groups>
    <test started-at="2021-02-24T09:34:35Z" name="Default test" finished-at="2021-02-24T09:35:07Z" duration-ms="32739">
      <class name="TestngPractise.Homepage">
        <test-method is-config="true" signature="openbrowser()[pri:0, instance:TestngPractise.Homepage@3dddbe65]" started-at="2021-02-24T17:34:35Z" name="openbrowser" finished-at="2021-02-24T17:34:56Z" duration-ms="20991" status="PASS">
          <reporter-output>
          </reporter-output>
        </test-method> <!-- openbrowser -->
        <test-method signature="homepge(java.lang.String, java.lang.String, java.lang.String, java.lang.String, java.lang.String)[pri:0, instance:TestngPractise.Homepage@3dddbe65]" started-at="2021-02-24T17:35:04Z" name="homepge" data-provider="gethomedata" finished-at="2021-02-24T17:35:06Z" duration-ms="2486" status="PASS">
          <params>
            <param index="0">
              <value>
                <![CDATA[Test]]>
              </value>
            </param>
            <param index="1">
              <value>
                <![CDATA[rsoundrapandi@gmail.com]]>
              </value>
            </param>
            <param index="2">
              <value>
                <![CDATA[RWFzd2FyaUAyMg==]]>
              </value>
            </param>
            <param index="3">
              <value>
                <![CDATA[Female]]>
              </value>
            </param>
            <param index="4">
              <value>
                <![CDATA[2012022]]>
              </value>
            </param>
          </params>
          <reporter-output>
          </reporter-output>
        </test-method> <!-- homepge -->
        <test-method signature="homepge(java.lang.String, java.lang.String, java.lang.String, java.lang.String, java.lang.String)[pri:0, instance:TestngPractise.Homepage@3dddbe65]" started-at="2021-02-24T17:35:06Z" name="homepge" data-provider="gethomedata" finished-at="2021-02-24T17:35:07Z" duration-ms="1025" status="PASS">
          <params>
            <param index="0">
              <value>
                <![CDATA[Test1]]>
              </value>
            </param>
            <param index="1">
              <value>
                <![CDATA[rsoundrapandi@gmail.com]]>
              </value>
            </param>
            <param index="2">
              <value>
                <![CDATA[RWFzd2FyaUAyMg==]]>
              </value>
            </param>
            <param index="3">
              <value>
                <![CDATA[Female]]>
              </value>
            </param>
            <param index="4">
              <value>
                <![CDATA[2012026]]>
              </value>
            </param>
          </params>
          <reporter-output>
          </reporter-output>
        </test-method> <!-- homepge -->
        <test-method is-config="true" signature="closebrowser()[pri:0, instance:TestngPractise.Homepage@3dddbe65]" started-at="2021-02-24T17:35:07Z" name="closebrowser" finished-at="2021-02-24T17:35:07Z" duration-ms="327" status="PASS">
          <reporter-output>
          </reporter-output>
        </test-method> <!-- closebrowser -->
      </class> <!-- TestngPractise.Homepage -->
    </test> <!-- Default test -->
  </suite> <!-- Default suite -->
</testng-results>
