<?xml version="1.0" encoding="UTF-8"?>
<testng-results ignored="0" total="2" passed="2" failed="0" skipped="0">
  <reporter-output>
  </reporter-output>
  <suite started-at="2021-03-23T07:16:39Z" name="Default suite" finished-at="2021-03-23T07:17:14Z" duration-ms="35570">
    <groups>
      <group name="cucumber">
        <method signature="AbstractTestNGCucumberTests.runScenario(io.cucumber.testng.PickleEventWrapper, io.cucumber.testng.CucumberFeatureWrapper)[pri:0, instance:Cucumberoptions.TestRunner@45a37759]" name="runScenario" class="io.cucumber.testng.AbstractTestNGCucumberTests"/>
      </group> <!-- cucumber -->
    </groups>
    <test started-at="2021-03-23T07:16:39Z" name="Default test" finished-at="2021-03-23T07:17:14Z" duration-ms="35570">
      <class name="Cucumberoptions.TestRunner">
        <test-method is-config="true" signature="setUpClass()[pri:0, instance:Cucumberoptions.TestRunner@45a37759]" started-at="2021-03-23T07:16:39Z" name="setUpClass" finished-at="2021-03-23T07:16:40Z" duration-ms="1515" status="PASS">
          <reporter-output>
          </reporter-output>
        </test-method> <!-- setUpClass -->
        <test-method signature="runScenario(io.cucumber.testng.PickleEventWrapper, io.cucumber.testng.CucumberFeatureWrapper)[pri:0, instance:Cucumberoptions.TestRunner@45a37759]" started-at="2021-03-23T07:16:40Z" name="runScenario" description="Runs Cucumber Scenarios" data-provider="scenarios" finished-at="2021-03-23T07:17:04Z" duration-ms="23568" status="PASS">
          <params>
            <param index="0">
              <value>
                <![CDATA["Submit the postive flow"]]>
              </value>
            </param>
            <param index="1">
              <value>
                <![CDATA["Login into Application"]]>
              </value>
            </param>
          </params>
          <reporter-output>
          </reporter-output>
        </test-method> <!-- runScenario -->
        <test-method signature="runScenario(io.cucumber.testng.PickleEventWrapper, io.cucumber.testng.CucumberFeatureWrapper)[pri:0, instance:Cucumberoptions.TestRunner@45a37759]" started-at="2021-03-23T07:17:04Z" name="runScenario" description="Runs Cucumber Scenarios" data-provider="scenarios" finished-at="2021-03-23T07:17:13Z" duration-ms="9003" status="PASS">
          <params>
            <param index="0">
              <value>
                <![CDATA["Submit the postive flow"]]>
              </value>
            </param>
            <param index="1">
              <value>
                <![CDATA["Login into Application"]]>
              </value>
            </param>
          </params>
          <reporter-output>
          </reporter-output>
        </test-method> <!-- runScenario -->
        <test-method is-config="true" signature="tearDownClass()[pri:0, instance:Cucumberoptions.TestRunner@45a37759]" started-at="2021-03-23T07:17:13Z" name="tearDownClass" finished-at="2021-03-23T07:17:14Z" duration-ms="1395" status="PASS">
          <reporter-output>
          </reporter-output>
        </test-method> <!-- tearDownClass -->
      </class> <!-- Cucumberoptions.TestRunner -->
    </test> <!-- Default test -->
  </suite> <!-- Default suite -->
</testng-results>
